<?xml version="1.0" encoding="UTF-8"?>
<!-- Generated by org.testng.reporters.JUnitReportReporter -->
<testsuite hostname="DESKTOP-BPHTNCM" failures="0" tests="1" name="MobileAutomation.Mahfil_app.privacy" time="8.572" errors="0" timestamp="2024-09-30T13:28:12 BDT" skipped="0">
  <testcase classname="MobileAutomation.Mahfil_app.privacy" name="subscriptionButtonCheck" time="8.572"/>
  <system-out/>
</testsuite> <!-- MobileAutomation.Mahfil_app.privacy -->
