<?xml version="1.0" encoding="UTF-8"?>
<!-- Generated by org.testng.reporters.JUnitReportReporter -->
<testsuite hostname="DESKTOP-BPHTNCM" failures="0" tests="1" name="MobileAutomation.Mahfil_app.signout_user_func" time="13.792" errors="0" timestamp="2024-03-03T18:09:50 BDT" skipped="0">
  <testcase classname="MobileAutomation.Mahfil_app.signout_user_func" name="playRelatedvideo" time="13.792"/>
  <system-out/>
</testsuite> <!-- MobileAutomation.Mahfil_app.signout_user_func -->
