<?xml version="1.0" encoding="UTF-8"?>
<!-- Generated by org.testng.reporters.JUnitReportReporter -->
<testsuite hostname="DESKTOP-BPHTNCM" failures="0" tests="5" name="MobileAutomation.Mahfil_app.privacy" time="40.948" errors="0" timestamp="2024-10-17T09:28:34 BDT" skipped="0">
  <testcase classname="MobileAutomation.Mahfil_app.privacy" name="notificationButtonCheckGuest" time="9.456"/>
  <system-out/>
  <testcase classname="MobileAutomation.Mahfil_app.privacy" name="privacyButtonCheck" time="6.465"/>
  <system-out/>
  <testcase classname="MobileAutomation.Mahfil_app.privacy" name="notificationButtonCheck" time="9.117"/>
  <system-out/>
  <testcase classname="MobileAutomation.Mahfil_app.privacy" name="searchButtonCheck" time="9.515"/>
  <system-out/>
  <testcase classname="MobileAutomation.Mahfil_app.privacy" name="backButtonCheck" time="6.395"/>
  <system-out/>
</testsuite> <!-- MobileAutomation.Mahfil_app.privacy -->
