<?xml version="1.0" encoding="UTF-8"?>
<!-- Generated by org.testng.reporters.JUnitReportReporter -->
<testsuite hostname="DESKTOP-BPHTNCM" failures="0" tests="11" name="MobileAutomation.Mahfil_app.videoPlayer" time="191.670" errors="1" timestamp="2024-03-06T16:26:41 BDT" skipped="0">
  <testcase classname="MobileAutomation.Mahfil_app.videoPlayer" name="threedotmenu" time="21.688"/>
  <system-out/>
  <testcase classname="MobileAutomation.Mahfil_app.videoPlayer" name="seek" time="10.531"/>
  <system-out/>
  <testcase classname="MobileAutomation.Mahfil_app.videoPlayer" name="muteUnmute" time="10.346"/>
  <system-out/>
  <testcase classname="MobileAutomation.Mahfil_app.videoPlayer" name="videoDetailsbutton" time="9.940"/>
  <system-out/>
  <testcase classname="MobileAutomation.Mahfil_app.videoPlayer" name="ReactionAndDownload" time="21.183"/>
  <system-out/>
  <testcase classname="MobileAutomation.Mahfil_app.videoPlayer" name="morebutton" time="21.434"/>
  <system-out/>
  <testcase classname="MobileAutomation.Mahfil_app.videoPlayer" name="comment" time="36.128"/>
  <system-out/>
  <testcase classname="MobileAutomation.Mahfil_app.videoPlayer" name="autoplay4" time="22.308"/>
  <system-out/>
  <testcase classname="MobileAutomation.Mahfil_app.videoPlayer" name="autoplay3" time="15.516">
    <error message="The element &#039;By.xpath: (//android.view.View)[5]&#039; is not linked to the same object in DOM anymore
For documentation on this error, please visit: https://www.selenium.dev/documentation/webdriver/troubleshooting/errors#stale-element-reference-exception
Build info: version: &#039;4.13.0&#039;, revision: &#039;ba948ece5b*&#039;
System info: os.name: &#039;Windows 10&#039;, os.arch: &#039;amd64&#039;, os.version: &#039;10.0&#039;, java.version: &#039;21&#039;
Driver info: io.appium.java_client.android.AndroidDriver
Command: [cbe3a6ee-ff88-42e8-a85a-c2e779475569, getElementAttribute {id=00000000-0000-00f0-0000-0cb900000003, name=contentDescription}]
Capabilities {appium:app: C:\Users\alhas\eclipse-work..., appium:appPackage: com.mahfil.app, appium:automationName: UIAutomator2, appium:databaseEnabled: false, appium:desired: {app: C:\Users\alhas\eclipse-work..., automationName: UIAutomator2, deviceName: device1, noReset: true, platformName: ANDROID}, appium:deviceApiLevel: 34, appium:deviceManufacturer: Google, appium:deviceModel: sdk_gphone64_x86_64, appium:deviceName: emulator-5554, appium:deviceScreenDensity: 560, appium:deviceScreenSize: 1440x3120, appium:deviceUDID: emulator-5554, appium:javascriptEnabled: true, appium:locationContextEnabled: false, appium:networkConnectionEnabled: true, appium:noReset: true, appium:pixelRatio: 3.5, appium:platformVersion: 14, appium:statBarHeight: 84, appium:takesScreenshot: true, appium:viewportRect: {height: 3036, left: 0, top: 84, width: 1440}, appium:warnings: {}, appium:webStorageEnabled: false, platformName: ANDROID}
Element: [[AndroidDriver:  on ANDROID (cbe3a6ee-ff88-42e8-a85a-c2e779475569)] -&gt; xpath: (//android.view.View)[5]]
Session ID: cbe3a6ee-ff88-42e8-a85a-c2e779475569" type="org.openqa.selenium.StaleElementReferenceException">
      <![CDATA[org.openqa.selenium.StaleElementReferenceException: The element 'By.xpath: (//android.view.View)[5]' is not linked to the same object in DOM anymore
For documentation on this error, please visit: https://www.selenium.dev/documentation/webdriver/troubleshooting/errors#stale-element-reference-exception
Build info: version: '4.13.0', revision: 'ba948ece5b*'
System info: os.name: 'Windows 10', os.arch: 'amd64', os.version: '10.0', java.version: '21'
Driver info: io.appium.java_client.android.AndroidDriver
Command: [cbe3a6ee-ff88-42e8-a85a-c2e779475569, getElementAttribute {id=00000000-0000-00f0-0000-0cb900000003, name=contentDescription}]
Capabilities {appium:app: C:\Users\alhas\eclipse-work..., appium:appPackage: com.mahfil.app, appium:automationName: UIAutomator2, appium:databaseEnabled: false, appium:desired: {app: C:\Users\alhas\eclipse-work..., automationName: UIAutomator2, deviceName: device1, noReset: true, platformName: ANDROID}, appium:deviceApiLevel: 34, appium:deviceManufacturer: Google, appium:deviceModel: sdk_gphone64_x86_64, appium:deviceName: emulator-5554, appium:deviceScreenDensity: 560, appium:deviceScreenSize: 1440x3120, appium:deviceUDID: emulator-5554, appium:javascriptEnabled: true, appium:locationContextEnabled: false, appium:networkConnectionEnabled: true, appium:noReset: true, appium:pixelRatio: 3.5, appium:platformVersion: 14, appium:statBarHeight: 84, appium:takesScreenshot: true, appium:viewportRect: {height: 3036, left: 0, top: 84, width: 1440}, appium:warnings: {}, appium:webStorageEnabled: false, platformName: ANDROID}
Element: [[AndroidDriver:  on ANDROID (cbe3a6ee-ff88-42e8-a85a-c2e779475569)] -> xpath: (//android.view.View)[5]]
Session ID: cbe3a6ee-ff88-42e8-a85a-c2e779475569
at java.base/jdk.internal.reflect.DirectConstructorHandleAccessor.newInstance(DirectConstructorHandleAccessor.java:62)
at java.base/java.lang.reflect.Constructor.newInstanceWithCaller(Constructor.java:502)
at java.base/java.lang.reflect.Constructor.newInstance(Constructor.java:486)
at org.openqa.selenium.remote.codec.w3c.W3CHttpResponseCodec.createException(W3CHttpResponseCodec.java:200)
at org.openqa.selenium.remote.codec.w3c.W3CHttpResponseCodec.decode(W3CHttpResponseCodec.java:133)
at org.openqa.selenium.remote.codec.w3c.W3CHttpResponseCodec.decode(W3CHttpResponseCodec.java:52)
at org.openqa.selenium.remote.HttpCommandExecutor.execute(HttpCommandExecutor.java:191)
at io.appium.java_client.remote.AppiumCommandExecutor.execute(AppiumCommandExecutor.java:250)
at org.openqa.selenium.remote.RemoteWebDriver.execute(RemoteWebDriver.java:602)
at org.openqa.selenium.remote.RemoteWebElement.execute(RemoteWebElement.java:224)
at org.openqa.selenium.remote.RemoteWebElement.getAttribute(RemoteWebElement.java:150)
at MobileAutomation.Mahfil_app.videoPlayer.autoplay3(videoPlayer.java:280)
at java.base/jdk.internal.reflect.DirectMethodHandleAccessor.invoke(DirectMethodHandleAccessor.java:103)
at java.base/java.lang.reflect.Method.invoke(Method.java:580)
at org.testng.internal.invokers.MethodInvocationHelper.invokeMethod(MethodInvocationHelper.java:139)
at org.testng.internal.invokers.TestInvoker.invokeMethod(TestInvoker.java:677)
at org.testng.internal.invokers.TestInvoker.invokeTestMethod(TestInvoker.java:221)
at org.testng.internal.invokers.MethodRunner.runInSequence(MethodRunner.java:50)
at org.testng.internal.invokers.TestInvoker$MethodInvocationAgent.invoke(TestInvoker.java:969)
at org.testng.internal.invokers.TestInvoker.invokeTestMethods(TestInvoker.java:194)
at org.testng.internal.invokers.TestMethodWorker.invokeTestMethods(TestMethodWorker.java:148)
at org.testng.internal.invokers.TestMethodWorker.run(TestMethodWorker.java:128)
at java.base/java.util.ArrayList.forEach(ArrayList.java:1596)
at org.testng.TestRunner.privateRun(TestRunner.java:829)
at org.testng.TestRunner.run(TestRunner.java:602)
at org.testng.SuiteRunner.runTest(SuiteRunner.java:437)
at org.testng.SuiteRunner.runSequentially(SuiteRunner.java:431)
at org.testng.SuiteRunner.privateRun(SuiteRunner.java:391)
at org.testng.SuiteRunner.run(SuiteRunner.java:330)
at org.testng.SuiteRunnerWorker.runSuite(SuiteRunnerWorker.java:52)
at org.testng.SuiteRunnerWorker.run(SuiteRunnerWorker.java:95)
at org.testng.TestNG.runSuitesSequentially(TestNG.java:1256)
at org.testng.TestNG.runSuitesLocally(TestNG.java:1176)
at org.testng.TestNG.runSuites(TestNG.java:1099)
at org.testng.TestNG.run(TestNG.java:1067)
at org.testng.remote.AbstractRemoteTestNG.run(AbstractRemoteTestNG.java:115)
at org.testng.remote.RemoteTestNG.initAndRun(RemoteTestNG.java:251)
at org.testng.remote.RemoteTestNG.main(RemoteTestNG.java:77)
]]>
    </error>
  </testcase> <!-- autoplay3 -->
  <system-out/>
  <testcase classname="MobileAutomation.Mahfil_app.videoPlayer" name="autoplay1" time="10.033"/>
  <system-out/>
  <testcase classname="MobileAutomation.Mahfil_app.videoPlayer" name="autoplay2" time="12.563"/>
  <system-out/>
</testsuite> <!-- MobileAutomation.Mahfil_app.videoPlayer -->
