<?xml version="1.0" encoding="UTF-8"?>
<!-- Generated by org.testng.reporters.JUnitReportReporter -->
<testsuite hostname="DESKTOP-BPHTNCM" failures="0" tests="1" name="MobileAutomation.Mahfil_app.LiveDashboard" time="8.618" errors="0" timestamp="2024-09-09T16:47:02 BDT" skipped="0">
  <testcase classname="MobileAutomation.Mahfil_app.LiveDashboard" name="searchButtonCheck" time="8.618"/>
  <system-out/>
</testsuite> <!-- MobileAutomation.Mahfil_app.LiveDashboard -->
