<?xml version="1.0" encoding="UTF-8"?>
<!-- Generated by org.testng.reporters.JUnitReportReporter -->
<testsuite hostname="DESKTOP-BPHTNCM" failures="0" tests="1" name="MobileAutomation.Mahfil_app.signup" time="27.587" errors="0" timestamp="2024-10-09T11:14:58 BDT" skipped="0">
  <testcase classname="MobileAutomation.Mahfil_app.signup" name="signup22" time="27.587"/>
  <system-out/>
</testsuite> <!-- MobileAutomation.Mahfil_app.signup -->
