<?xml version="1.0" encoding="UTF-8"?>
<!-- Generated by org.testng.reporters.JUnitReportReporter -->
<testsuite hostname="DESKTOP-BPHTNCM" failures="0" tests="4" name="MobileAutomation.Mahfil_app.privacy" time="20.230" errors="0" timestamp="2024-06-24T15:00:54 BDT" skipped="0">
  <testcase classname="MobileAutomation.Mahfil_app.privacy" name="subscriptionButtonCheck" time="4.588"/>
  <system-out/>
  <testcase classname="MobileAutomation.Mahfil_app.privacy" name="notificationButtonCheck" time="5.747"/>
  <system-out/>
  <testcase classname="MobileAutomation.Mahfil_app.privacy" name="searchButtonCheck" time="5.337"/>
  <system-out/>
  <testcase classname="MobileAutomation.Mahfil_app.privacy" name="backButtonCheck" time="4.558"/>
  <system-out/>
</testsuite> <!-- MobileAutomation.Mahfil_app.privacy -->
