<?xml version="1.0" encoding="UTF-8"?>
<!-- Generated by org.testng.reporters.JUnitReportReporter -->
<testsuite hostname="DESKTOP-BPHTNCM" failures="0" tests="1" name="MobileAutomation.Mahfil_app.helpAndFeedback" time="13.916" errors="0" timestamp="2024-06-24T13:16:00 BDT" skipped="0">
  <testcase classname="MobileAutomation.Mahfil_app.helpAndFeedback" name="FAQCheck7" time="13.916"/>
  <system-out/>
</testsuite> <!-- MobileAutomation.Mahfil_app.helpAndFeedback -->
