<?xml version="1.0" encoding="UTF-8"?>
<!-- Generated by org.testng.reporters.JUnitReportReporter -->
<testsuite hostname="DESKTOP-BPHTNCM" failures="0" tests="1" name="MobileAutomation.Mahfil_app.login" time="18.124" errors="0" timestamp="2024-10-09T13:49:28 BDT" skipped="0">
  <testcase classname="MobileAutomation.Mahfil_app.login" name="login12" time="18.124"/>
  <system-out/>
</testsuite> <!-- MobileAutomation.Mahfil_app.login -->
