<?xml version="1.0" encoding="UTF-8"?>
<!-- Generated by org.testng.reporters.JUnitReportReporter -->
<testsuite hostname="DESKTOP-BPHTNCM" failures="0" tests="1" name="MobileAutomation.Mahfil_app.Home" time="2.235" errors="0" timestamp="2024-03-05T18:15:33 BDT" skipped="0">
  <testcase classname="MobileAutomation.Mahfil_app.Home" name="home" time="2.235"/>
  <system-out/>
</testsuite> <!-- MobileAutomation.Mahfil_app.Home -->
