<?xml version="1.0" encoding="UTF-8"?>
<!-- Generated by org.testng.reporters.JUnitReportReporter -->
<testsuite hostname="DESKTOP-BPHTNCM" failures="0" tests="1" name="MobileAutomation.Mahfil_app.settings" time="15.507" errors="0" timestamp="2024-10-16T18:19:34 BDT" skipped="0">
  <testcase classname="MobileAutomation.Mahfil_app.settings" name="numberFieldcheck4" time="15.507"/>
  <system-out/>
</testsuite> <!-- MobileAutomation.Mahfil_app.settings -->
