<?xml version="1.0" encoding="UTF-8"?>
<!-- Generated by org.testng.reporters.JUnitReportReporter -->
<testsuite hostname="DESKTOP-BPHTNCM" failures="0" tests="1" name="MobileAutomation.Mahfil_app.settings" time="8.606" errors="0" timestamp="2024-09-29T17:31:23 BDT" skipped="0">
  <testcase classname="MobileAutomation.Mahfil_app.settings" name="backgroundplayButtonCheck" time="8.606"/>
  <system-out/>
</testsuite> <!-- MobileAutomation.Mahfil_app.settings -->
