<?xml version="1.0" encoding="UTF-8"?>
<!-- Generated by org.testng.reporters.JUnitReportReporter -->
<testsuite hostname="DESKTOP-BPHTNCM" failures="0" tests="1" name="MobileAutomation.Mahfil_app.subscription" time="7.343" errors="0" timestamp="2024-10-14T10:15:27 BDT" skipped="0">
  <testcase classname="MobileAutomation.Mahfil_app.subscription" name="subscriptionButtonCheck" time="7.343"/>
  <system-out/>
</testsuite> <!-- MobileAutomation.Mahfil_app.subscription -->
