<?xml version="1.0" encoding="UTF-8"?>
<!-- Generated by org.testng.reporters.JUnitReportReporter -->
<testsuite hostname="DESKTOP-BPHTNCM" failures="0" tests="1" name="MobileAutomation.Mahfil_app.Downloads" time="5.218" errors="0" timestamp="2024-10-16T16:03:46 BDT" skipped="0">
  <testcase classname="MobileAutomation.Mahfil_app.Downloads" name="premiumcloseButtonCheck" time="5.218"/>
  <system-out/>
</testsuite> <!-- MobileAutomation.Mahfil_app.Downloads -->
