<?xml version="1.0" encoding="UTF-8"?>
<!-- Generated by org.testng.reporters.JUnitReportReporter -->
<testsuite hostname="DESKTOP-BPHTNCM" failures="0" tests="1" name="MobileAutomation.Mahfil_app.watchHistory" time="4.200" errors="0" timestamp="2024-06-19T12:43:21 BDT" skipped="0">
  <testcase classname="MobileAutomation.Mahfil_app.watchHistory" name="dashboardButtonCheck" time="4.200"/>
  <system-out/>
</testsuite> <!-- MobileAutomation.Mahfil_app.watchHistory -->
