<?xml version="1.0" encoding="UTF-8"?>
<!-- Generated by org.testng.reporters.JUnitReportReporter -->
<testsuite hostname="DESKTOP-BPHTNCM" failures="0" tests="1" name="MobileAutomation.Mahfil_app.subscribedChannel" time="7.244" errors="0" timestamp="2024-10-16T17:17:05 BDT" skipped="0">
  <testcase classname="MobileAutomation.Mahfil_app.subscribedChannel" name="guestFavouriteButtonCheck" time="7.244"/>
  <system-out/>
</testsuite> <!-- MobileAutomation.Mahfil_app.subscribedChannel -->
