<?xml version="1.0" encoding="UTF-8"?>
<!-- Generated by org.testng.reporters.JUnitReportReporter -->
<testsuite hostname="DESKTOP-BPHTNCM" failures="0" tests="1" name="MobileAutomation.Mahfil_app.login" time="12.248" errors="0" timestamp="2024-07-07T11:59:02 BDT" skipped="0">
  <testcase classname="MobileAutomation.Mahfil_app.login" name="login4" time="12.248"/>
  <system-out/>
</testsuite> <!-- MobileAutomation.Mahfil_app.login -->
