<?xml version="1.0" encoding="UTF-8"?>
<!-- Generated by org.testng.reporters.JUnitReportReporter -->
<testsuite hostname="DESKTOP-BPHTNCM" failures="0" tests="1" name="MobileAutomation.Mahfil_app.signup" time="14.675" errors="0" timestamp="2024-10-14T10:14:55 BDT" skipped="0">
  <testcase classname="MobileAutomation.Mahfil_app.signup" name="signup2" time="14.675"/>
  <system-out/>
</testsuite> <!-- MobileAutomation.Mahfil_app.signup -->
