<?xml version="1.0" encoding="UTF-8"?>
<!-- Generated by org.testng.reporters.JUnitReportReporter -->
<testsuite hostname="DESKTOP-BPHTNCM" failures="1" tests="6" name="MobileAutomation.Mahfil_app.favourites" time="51.834" errors="0" timestamp="2024-10-20T12:21:46 BDT" skipped="0">
  <testcase classname="MobileAutomation.Mahfil_app.favourites" name="dashboardButtonCheck" time="6.199">
    <failure message="Title didn&#039;t matched expected [Favourite Videos] but found [null]" type="java.lang.AssertionError">
      <![CDATA[java.lang.AssertionError: Title didn't matched expected [Favourite Videos] but found [null]
at org.testng.Assert.fail(Assert.java:110)
at org.testng.Assert.failNotEquals(Assert.java:1577)
at org.testng.Assert.assertEqualsImpl(Assert.java:149)
at org.testng.Assert.assertEquals(Assert.java:131)
at org.testng.Assert.assertEquals(Assert.java:655)
at MobileAutomation.Mahfil_app.favouriteLocator.checkTitle(favouriteLocator.java:116)
at MobileAutomation.Mahfil_app.favourites.dashboardButtonCheck(favourites.java:76)
at java.base/jdk.internal.reflect.DirectMethodHandleAccessor.invoke(DirectMethodHandleAccessor.java:103)
at java.base/java.lang.reflect.Method.invoke(Method.java:580)
at org.testng.internal.invokers.MethodInvocationHelper.invokeMethod(MethodInvocationHelper.java:139)
at org.testng.internal.invokers.TestInvoker.invokeMethod(TestInvoker.java:677)
at org.testng.internal.invokers.TestInvoker.invokeTestMethod(TestInvoker.java:221)
at org.testng.internal.invokers.MethodRunner.runInSequence(MethodRunner.java:50)
at org.testng.internal.invokers.TestInvoker$MethodInvocationAgent.invoke(TestInvoker.java:969)
at org.testng.internal.invokers.TestInvoker.invokeTestMethods(TestInvoker.java:194)
at org.testng.internal.invokers.TestMethodWorker.invokeTestMethods(TestMethodWorker.java:148)
at org.testng.internal.invokers.TestMethodWorker.run(TestMethodWorker.java:128)
at java.base/java.util.ArrayList.forEach(ArrayList.java:1596)
at org.testng.TestRunner.privateRun(TestRunner.java:829)
at org.testng.TestRunner.run(TestRunner.java:602)
at org.testng.SuiteRunner.runTest(SuiteRunner.java:437)
at org.testng.SuiteRunner.runSequentially(SuiteRunner.java:431)
at org.testng.SuiteRunner.privateRun(SuiteRunner.java:391)
at org.testng.SuiteRunner.run(SuiteRunner.java:330)
at org.testng.SuiteRunnerWorker.runSuite(SuiteRunnerWorker.java:52)
at org.testng.SuiteRunnerWorker.run(SuiteRunnerWorker.java:95)
at org.testng.TestNG.runSuitesSequentially(TestNG.java:1256)
at org.testng.TestNG.runSuitesLocally(TestNG.java:1176)
at org.testng.TestNG.runSuites(TestNG.java:1099)
at org.testng.TestNG.run(TestNG.java:1067)
at org.testng.remote.AbstractRemoteTestNG.run(AbstractRemoteTestNG.java:115)
at org.testng.remote.RemoteTestNG.initAndRun(RemoteTestNG.java:251)
at org.testng.remote.RemoteTestNG.main(RemoteTestNG.java:77)
]]>
    </failure>
  </testcase> <!-- dashboardButtonCheck -->
  <system-out/>
  <testcase classname="MobileAutomation.Mahfil_app.favourites" name="notificationButtonCheck" time="5.906"/>
  <system-out/>
  <testcase classname="MobileAutomation.Mahfil_app.favourites" name="searchButtonCheck" time="4.805"/>
  <system-out/>
  <testcase classname="MobileAutomation.Mahfil_app.favourites" name="backButtonCheck" time="6.817"/>
  <system-out/>
  <testcase classname="MobileAutomation.Mahfil_app.favourites" name="favouriteVideoPlay" time="20.719"/>
  <system-out/>
  <testcase classname="MobileAutomation.Mahfil_app.favourites" name="removeButtonCheck" time="7.388"/>
  <system-out/>
</testsuite> <!-- MobileAutomation.Mahfil_app.favourites -->
