<?xml version="1.0" encoding="UTF-8"?>
<!-- Generated by org.testng.reporters.JUnitReportReporter -->
<testsuite hostname="DESKTOP-BPHTNCM" failures="0" tests="1" name="MobileAutomation.Mahfil_app.videoPlayer" time="13.922" errors="0" timestamp="2024-10-16T10:46:28 BDT" skipped="0">
  <testcase classname="MobileAutomation.Mahfil_app.videoPlayer" name="shareButtonCheckGuest" time="13.922"/>
  <system-out/>
</testsuite> <!-- MobileAutomation.Mahfil_app.videoPlayer -->
