<?xml version="1.0" encoding="UTF-8"?>
<!-- Generated by org.testng.reporters.JUnitReportReporter -->
<testsuite hostname="DESKTOP-BPHTNCM" failures="0" tests="1" name="MobileAutomation.Mahfil_app.Home" time="3.740" errors="0" timestamp="2024-10-21T18:06:41 BDT" skipped="0">
  <testcase classname="MobileAutomation.Mahfil_app.Home" name="channelLogoCheck" time="3.740"/>
  <system-out/>
</testsuite> <!-- MobileAutomation.Mahfil_app.Home -->
