<?xml version="1.0" encoding="UTF-8"?>
<!-- Generated by org.testng.reporters.JUnitReportReporter -->
<testsuite hostname="DESKTOP-BPHTNCM" failures="0" tests="1" name="MobileAutomation.Mahfil_app.subscribedChannel" time="5.424" errors="0" timestamp="2024-06-19T13:20:36 BDT" skipped="0">
  <testcase classname="MobileAutomation.Mahfil_app.subscribedChannel" name="unsubscribeChannelCheck" time="5.424"/>
  <system-out/>
</testsuite> <!-- MobileAutomation.Mahfil_app.subscribedChannel -->
