<?xml version="1.0" encoding="UTF-8"?>
<!-- Generated by org.testng.reporters.JUnitReportReporter -->
<testsuite hostname="DESKTOP-BPHTNCM" failures="0" tests="1" name="MobileAutomation.Mahfil_app.favourites" time="5.740" errors="0" timestamp="2024-06-12T14:34:57 BDT" skipped="0">
  <testcase classname="MobileAutomation.Mahfil_app.favourites" name="removeButtonCheck" time="5.740"/>
  <system-out/>
</testsuite> <!-- MobileAutomation.Mahfil_app.favourites -->
