<?xml version="1.0" encoding="UTF-8"?>
<!-- Generated by org.testng.reporters.JUnitReportReporter -->
<testsuite hostname="DESKTOP-BPHTNCM" failures="0" tests="1" name="MobileAutomation.Mahfil_app.subscribedChannel" time="8.132" errors="0" timestamp="2024-09-26T13:05:14 BDT" skipped="0">
  <testcase classname="MobileAutomation.Mahfil_app.subscribedChannel" name="unsubscribeChannelCheck" time="8.132"/>
  <system-out/>
</testsuite> <!-- MobileAutomation.Mahfil_app.subscribedChannel -->
