<?xml version="1.0" encoding="UTF-8"?>
<!-- Generated by org.testng.reporters.JUnitReportReporter -->
<testsuite hostname="DESKTOP-BPHTNCM" failures="0" tests="1" name="MobileAutomation.Mahfil_app.Downloads" time="7.108" errors="0" timestamp="2024-09-23T13:58:10 BDT" skipped="0">
  <testcase classname="MobileAutomation.Mahfil_app.Downloads" name="downloadButtonCheckguest" time="7.108"/>
  <system-out/>
</testsuite> <!-- MobileAutomation.Mahfil_app.Downloads -->
