<?xml version="1.0" encoding="UTF-8"?>
<!-- Generated by org.testng.reporters.JUnitReportReporter -->
<testsuite hostname="DESKTOP-BPHTNCM" failures="0" tests="1" name="MobileAutomation.Mahfil_app.favourites" time="8.596" errors="0" timestamp="2024-09-29T10:48:27 BDT" skipped="0">
  <testcase classname="MobileAutomation.Mahfil_app.favourites" name="searchButtonCheck" time="8.596"/>
  <system-out/>
</testsuite> <!-- MobileAutomation.Mahfil_app.favourites -->
