<?xml version="1.0" encoding="UTF-8"?>
<!-- Generated by org.testng.reporters.JUnitReportReporter -->
<testsuite hostname="DESKTOP-BPHTNCM" failures="0" tests="1" name="MobileAutomation.Mahfil_app.subscription" time="6.645" errors="0" timestamp="2024-09-29T18:31:11 BDT" skipped="0">
  <testcase classname="MobileAutomation.Mahfil_app.subscription" name="premiumCheck" time="6.645"/>
  <system-out/>
</testsuite> <!-- MobileAutomation.Mahfil_app.subscription -->
