<?xml version="1.0" encoding="UTF-8"?>
<!-- Generated by org.testng.reporters.JUnitReportReporter -->
<testsuite hostname="DESKTOP-BPHTNCM" failures="0" tests="1" name="MobileAutomation.Mahfil_app.privacyAndShare" time="6.093" errors="0" timestamp="2024-06-24T15:10:05 BDT" skipped="0">
  <testcase classname="MobileAutomation.Mahfil_app.privacyAndShare" name="shareButtonCheck" time="6.093"/>
  <system-out/>
</testsuite> <!-- MobileAutomation.Mahfil_app.privacyAndShare -->
