<?xml version="1.0" encoding="UTF-8"?>
<!-- Generated by org.testng.reporters.JUnitReportReporter -->
<testsuite hostname="DESKTOP-BPHTNCM" failures="0" tests="2" name="MobileAutomation.Mahfil_app.test" time="0.005" errors="0" timestamp="2024-03-05T16:21:04 BDT" skipped="0">
  <testcase classname="MobileAutomation.Mahfil_app.test" name="test3" time="0.001"/>
  <system-out/>
  <testcase classname="MobileAutomation.Mahfil_app.test" name="test2" time="0.004"/>
  <system-out/>
</testsuite> <!-- MobileAutomation.Mahfil_app.test -->
