<?xml version="1.0" encoding="UTF-8"?>
<!-- Generated by org.testng.reporters.JUnitReportReporter -->
<testsuite hostname="DESKTOP-BPHTNCM" failures="0" tests="1" name="MobileAutomation.Mahfil_app.Home" time="4.199" errors="0" timestamp="2024-10-17T13:02:32 BDT" skipped="0">
  <testcase classname="MobileAutomation.Mahfil_app.Home" name="generalVideoremoveFavButtonCheck" time="4.199"/>
  <system-out/>
</testsuite> <!-- MobileAutomation.Mahfil_app.Home -->
