<?xml version="1.0" encoding="UTF-8"?>
<!-- Generated by org.testng.reporters.JUnitReportReporter -->
<testsuite hostname="DESKTOP-BPHTNCM" failures="0" tests="20" name="MobileAutomation.Mahfil_app.signOutUser_menu" time="96.693" errors="0" timestamp="2024-06-24T17:05:20 BDT" skipped="0">
  <testcase classname="MobileAutomation.Mahfil_app.signOutUser_menu" name="dashboardButtonCheck" time="4.464"/>
  <system-out/>
  <testcase classname="MobileAutomation.Mahfil_app.signOutUser_menu" name="downloadButtonCheck" time="2.994"/>
  <system-out/>
  <testcase classname="MobileAutomation.Mahfil_app.signOutUser_menu" name="favouritesButtonCheck" time="3.925"/>
  <system-out/>
  <testcase classname="MobileAutomation.Mahfil_app.signOutUser_menu" name="watchHistoryButtonCheck" time="3.926"/>
  <system-out/>
  <testcase classname="MobileAutomation.Mahfil_app.signOutUser_menu" name="subscribedChannelButtonCheck" time="3.038"/>
  <system-out/>
  <testcase classname="MobileAutomation.Mahfil_app.signOutUser_menu" name="salatReminderButtonCheck" time="3.017"/>
  <system-out/>
  <testcase classname="MobileAutomation.Mahfil_app.signOutUser_menu" name="settingsButtonCheck" time="3.009"/>
  <system-out/>
  <testcase classname="MobileAutomation.Mahfil_app.signOutUser_menu" name="settingsAutoDayNightButtonCheck" time="3.955"/>
  <system-out/>
  <testcase classname="MobileAutomation.Mahfil_app.signOutUser_menu" name="themeButtonCheck" time="5.834"/>
  <system-out/>
  <testcase classname="MobileAutomation.Mahfil_app.signOutUser_menu" name="profileSettingButtonCheck" time="3.664"/>
  <system-out/>
  <testcase classname="MobileAutomation.Mahfil_app.signOutUser_menu" name="subscriptionButtonCheck" time="2.738"/>
  <system-out/>
  <testcase classname="MobileAutomation.Mahfil_app.signOutUser_menu" name="buyPremiumButtonCheck" time="4.545"/>
  <system-out/>
  <testcase classname="MobileAutomation.Mahfil_app.signOutUser_menu" name="helpAndFeedbackButtonCheck" time="4.518"/>
  <system-out/>
  <testcase classname="MobileAutomation.Mahfil_app.signOutUser_menu" name="helpAndFeedbackNotificationButtonCheck" time="5.641"/>
  <system-out/>
  <testcase classname="MobileAutomation.Mahfil_app.signOutUser_menu" name="helpAndFeedbackSearchButtonCheck" time="6.098"/>
  <system-out/>
  <testcase classname="MobileAutomation.Mahfil_app.signOutUser_menu" name="FAQCheck" time="13.120"/>
  <system-out/>
  <testcase classname="MobileAutomation.Mahfil_app.signOutUser_menu" name="privacyButtonCheck" time="5.483"/>
  <system-out/>
  <testcase classname="MobileAutomation.Mahfil_app.signOutUser_menu" name="privacyNotificationButtonCheck" time="5.393"/>
  <system-out/>
  <testcase classname="MobileAutomation.Mahfil_app.signOutUser_menu" name="privacySearchButtonCheck" time="5.526"/>
  <system-out/>
  <testcase classname="MobileAutomation.Mahfil_app.signOutUser_menu" name="shareButtonCheck" time="5.805"/>
  <system-out/>
</testsuite> <!-- MobileAutomation.Mahfil_app.signOutUser_menu -->
