<?xml version="1.0" encoding="UTF-8"?>
<!-- Generated by org.testng.reporters.JUnitReportReporter -->
<testsuite hostname="DESKTOP-BPHTNCM" failures="0" tests="1" name="MobileAutomation.Mahfil_app.watchHistory" time="9.530" errors="0" timestamp="2024-09-26T12:17:13 BDT" skipped="0">
  <testcase classname="MobileAutomation.Mahfil_app.watchHistory" name="removeButtonCheck" time="9.530"/>
  <system-out/>
</testsuite> <!-- MobileAutomation.Mahfil_app.watchHistory -->
